2024-06-03 10:57:58,680 Subscribed to services/csv_job
2024-06-03 10:57:58,680 Listening to messages...
2024-06-03 10:57:58,681 Subscribed to experiments/upload
2024-06-03 10:57:58,681 Listening to messages...
2024-06-03 10:57:58,681 Subscribed to telemetry/+/log/experiments/upload
2024-06-03 10:57:58,681 MQTT connected: client:<paho.mqtt.client.Client object at 0x7f3b42ed0eb0> userdata:None flags:{'session present': 0} rc:0
2024-06-03 10:57:58,682 Listening to messages...
2024-06-03 10:57:58,682 Re-subscribing to topic: services/csv_job
2024-06-03 10:57:58,682 Re-subscribing to topic: experiments/upload
2024-06-03 10:57:58,682 Re-subscribing to topic: telemetry/+/log/experiments/upload
2024-06-03 10:58:00,705 MQTT connected: client:<paho.mqtt.client.Client object at 0x7f3b42ed0eb0> userdata:None flags:{'session present': 0} rc:0
2024-06-03 10:58:00,705 Re-subscribing to topic: services/csv_job
2024-06-03 10:58:00,706 Re-subscribing to topic: experiments/upload
2024-06-03 10:58:00,707 Re-subscribing to topic: telemetry/+/log/experiments/upload
2024-06-03 10:58:02,715 MQTT connected: client:<paho.mqtt.client.Client object at 0x7f3b42ed0eb0> userdata:None flags:{'session present': 0} rc:0
2024-06-03 10:58:02,716 Re-subscribing to topic: services/csv_job
2024-06-03 10:58:02,716 Re-subscribing to topic: experiments/upload
2024-06-03 10:58:02,716 Re-subscribing to topic: telemetry/+/log/experiments/upload
2024-06-03 10:58:04,729 MQTT connected: client:<paho.mqtt.client.Client object at 0x7f3b42ed0eb0> userdata:None flags:{'session present': 0} rc:0
2024-06-03 10:58:04,730 Re-subscribing to topic: services/csv_job
2024-06-03 10:58:04,730 Re-subscribing to topic: experiments/upload
2024-06-03 10:58:04,731 Re-subscribing to topic: telemetry/+/log/experiments/upload
2024-06-03 10:58:06,739 MQTT connected: client:<paho.mqtt.client.Client object at 0x7f3b42ed0eb0> userdata:None flags:{'session present': 0} rc:0
2024-06-03 10:58:06,739 Re-subscribing to topic: services/csv_job
2024-06-03 10:58:06,739 Re-subscribing to topic: experiments/upload
2024-06-03 10:58:06,740 Re-subscribing to topic: telemetry/+/log/experiments/upload
2024-06-03 10:58:08,753 MQTT connected: client:<paho.mqtt.client.Client object at 0x7f3b42ed0eb0> userdata:None flags:{'session present': 0} rc:0
2024-06-03 10:58:08,753 Re-subscribing to topic: services/csv_job
2024-06-03 10:58:08,753 Re-subscribing to topic: experiments/upload
2024-06-03 10:58:08,753 Re-subscribing to topic: telemetry/+/log/experiments/upload
2024-06-03 10:58:10,768 MQTT connected: client:<paho.mqtt.client.Client object at 0x7f3b42ed0eb0> userdata:None flags:{'session present': 0} rc:0
2024-06-03 10:58:10,769 Re-subscribing to topic: services/csv_job
2024-06-03 10:58:10,770 Re-subscribing to topic: experiments/upload
2024-06-03 10:58:10,771 Re-subscribing to topic: telemetry/+/log/experiments/upload
2024-06-03 10:58:12,781 MQTT connected: client:<paho.mqtt.client.Client object at 0x7f3b42ed0eb0> userdata:None flags:{'session present': 0} rc:0
2024-06-03 10:58:12,781 Re-subscribing to topic: services/csv_job
2024-06-03 10:58:12,781 Re-subscribing to topic: experiments/upload
2024-06-03 10:58:12,781 Re-subscribing to topic: telemetry/+/log/experiments/upload
2024-06-03 10:58:14,795 MQTT connected: client:<paho.mqtt.client.Client object at 0x7f3b42ed0eb0> userdata:None flags:{'session present': 0} rc:0
2024-06-03 10:58:14,795 Re-subscribing to topic: services/csv_job
2024-06-03 10:58:14,796 Re-subscribing to topic: experiments/upload
2024-06-03 10:58:14,797 Re-subscribing to topic: telemetry/+/log/experiments/upload
2024-06-03 10:58:16,805 MQTT connected: client:<paho.mqtt.client.Client object at 0x7f3b42ed0eb0> userdata:None flags:{'session present': 0} rc:0
2024-06-03 10:58:16,805 Re-subscribing to topic: services/csv_job
2024-06-03 10:58:16,806 Re-subscribing to topic: experiments/upload
2024-06-03 10:58:16,806 Re-subscribing to topic: telemetry/+/log/experiments/upload
2024-06-03 10:58:18,816 MQTT connected: client:<paho.mqtt.client.Client object at 0x7f3b42ed0eb0> userdata:None flags:{'session present': 0} rc:0
2024-06-03 10:58:18,816 Re-subscribing to topic: services/csv_job
2024-06-03 10:58:18,816 Re-subscribing to topic: experiments/upload
2024-06-03 10:58:18,817 Re-subscribing to topic: telemetry/+/log/experiments/upload
2024-06-03 10:58:20,832 MQTT connected: client:<paho.mqtt.client.Client object at 0x7f3b42ed0eb0> userdata:None flags:{'session present': 0} rc:0
2024-06-03 10:58:20,833 Re-subscribing to topic: services/csv_job
2024-06-03 10:58:20,834 Re-subscribing to topic: experiments/upload
2024-06-03 10:58:20,835 Re-subscribing to topic: telemetry/+/log/experiments/upload
2024-06-03 10:58:22,843 MQTT connected: client:<paho.mqtt.client.Client object at 0x7f3b42ed0eb0> userdata:None flags:{'session present': 0} rc:0
2024-06-03 10:58:22,843 Re-subscribing to topic: services/csv_job
2024-06-03 10:58:22,844 Re-subscribing to topic: experiments/upload
2024-06-03 10:58:22,844 Re-subscribing to topic: telemetry/+/log/experiments/upload
2024-06-03 10:58:24,858 MQTT connected: client:<paho.mqtt.client.Client object at 0x7f3b42ed0eb0> userdata:None flags:{'session present': 0} rc:0
2024-06-03 10:58:24,859 Re-subscribing to topic: services/csv_job
2024-06-03 10:58:24,860 Re-subscribing to topic: experiments/upload
2024-06-03 10:58:24,861 Re-subscribing to topic: telemetry/+/log/experiments/upload
2024-06-03 10:58:26,869 MQTT connected: client:<paho.mqtt.client.Client object at 0x7f3b42ed0eb0> userdata:None flags:{'session present': 0} rc:0
2024-06-03 10:58:26,870 Re-subscribing to topic: services/csv_job
2024-06-03 10:58:26,870 Re-subscribing to topic: experiments/upload
2024-06-03 10:58:26,871 Re-subscribing to topic: telemetry/+/log/experiments/upload
2024-06-03 10:58:28,885 MQTT connected: client:<paho.mqtt.client.Client object at 0x7f3b42ed0eb0> userdata:None flags:{'session present': 0} rc:0
2024-06-03 10:58:28,885 Re-subscribing to topic: services/csv_job
2024-06-03 10:58:28,886 Re-subscribing to topic: experiments/upload
2024-06-03 10:58:28,887 Re-subscribing to topic: telemetry/+/log/experiments/upload
2024-06-03 10:58:30,898 MQTT connected: client:<paho.mqtt.client.Client object at 0x7f3b42ed0eb0> userdata:None flags:{'session present': 0} rc:0
2024-06-03 10:58:30,898 Re-subscribing to topic: services/csv_job
2024-06-03 10:58:30,899 Re-subscribing to topic: experiments/upload
2024-06-03 10:58:30,900 Re-subscribing to topic: telemetry/+/log/experiments/upload
2024-06-03 10:58:32,912 MQTT connected: client:<paho.mqtt.client.Client object at 0x7f3b42ed0eb0> userdata:None flags:{'session present': 0} rc:0
2024-06-03 10:58:32,912 Re-subscribing to topic: services/csv_job
2024-06-03 10:58:32,913 Re-subscribing to topic: experiments/upload
2024-06-03 10:58:32,914 Re-subscribing to topic: telemetry/+/log/experiments/upload
2024-06-03 10:58:34,923 MQTT connected: client:<paho.mqtt.client.Client object at 0x7f3b42ed0eb0> userdata:None flags:{'session present': 0} rc:0
2024-06-03 10:58:34,923 Re-subscribing to topic: services/csv_job
2024-06-03 10:58:34,923 Re-subscribing to topic: experiments/upload
2024-06-03 10:58:34,924 Re-subscribing to topic: telemetry/+/log/experiments/upload
2024-06-03 10:58:36,937 MQTT connected: client:<paho.mqtt.client.Client object at 0x7f3b42ed0eb0> userdata:None flags:{'session present': 0} rc:0
2024-06-03 10:58:36,938 Re-subscribing to topic: services/csv_job
2024-06-03 10:58:36,939 Re-subscribing to topic: experiments/upload
2024-06-03 10:58:36,940 Re-subscribing to topic: telemetry/+/log/experiments/upload
2024-06-03 10:58:38,965 MQTT connected: client:<paho.mqtt.client.Client object at 0x7f3b42ed0eb0> userdata:None flags:{'session present': 0} rc:0
2024-06-03 10:58:38,966 Re-subscribing to topic: services/csv_job
2024-06-03 10:58:38,967 Re-subscribing to topic: experiments/upload
2024-06-03 10:58:38,968 Re-subscribing to topic: telemetry/+/log/experiments/upload
2024-06-03 10:58:40,978 MQTT connected: client:<paho.mqtt.client.Client object at 0x7f3b42ed0eb0> userdata:None flags:{'session present': 0} rc:0
2024-06-03 10:58:40,979 Re-subscribing to topic: services/csv_job
2024-06-03 10:58:40,981 Re-subscribing to topic: experiments/upload
2024-06-03 10:58:40,982 Re-subscribing to topic: telemetry/+/log/experiments/upload
2024-06-03 10:58:42,991 MQTT connected: client:<paho.mqtt.client.Client object at 0x7f3b42ed0eb0> userdata:None flags:{'session present': 0} rc:0
2024-06-03 10:58:42,992 Re-subscribing to topic: services/csv_job
2024-06-03 10:58:42,993 Re-subscribing to topic: experiments/upload
2024-06-03 10:58:42,993 Re-subscribing to topic: telemetry/+/log/experiments/upload
2024-06-03 10:58:45,000 MQTT connected: client:<paho.mqtt.client.Client object at 0x7f3b42ed0eb0> userdata:None flags:{'session present': 0} rc:0
2024-06-03 10:58:45,000 Re-subscribing to topic: services/csv_job
2024-06-03 10:58:45,000 Re-subscribing to topic: experiments/upload
2024-06-03 10:58:45,001 Re-subscribing to topic: telemetry/+/log/experiments/upload
2024-06-03 10:58:47,014 MQTT connected: client:<paho.mqtt.client.Client object at 0x7f3b42ed0eb0> userdata:None flags:{'session present': 0} rc:0
2024-06-03 10:58:47,014 Re-subscribing to topic: services/csv_job
2024-06-03 10:58:47,015 Re-subscribing to topic: experiments/upload
2024-06-03 10:58:47,016 Re-subscribing to topic: telemetry/+/log/experiments/upload
2024-06-03 10:58:49,023 MQTT connected: client:<paho.mqtt.client.Client object at 0x7f3b42ed0eb0> userdata:None flags:{'session present': 0} rc:0
2024-06-03 10:58:49,023 Re-subscribing to topic: services/csv_job
2024-06-03 10:58:49,023 Re-subscribing to topic: experiments/upload
2024-06-03 10:58:49,024 Re-subscribing to topic: telemetry/+/log/experiments/upload
2024-06-03 10:58:51,033 MQTT connected: client:<paho.mqtt.client.Client object at 0x7f3b42ed0eb0> userdata:None flags:{'session present': 0} rc:0
2024-06-03 10:58:51,034 Re-subscribing to topic: services/csv_job
2024-06-03 10:58:51,034 Re-subscribing to topic: experiments/upload
2024-06-03 10:58:51,034 Re-subscribing to topic: telemetry/+/log/experiments/upload
2024-06-03 10:58:53,046 MQTT connected: client:<paho.mqtt.client.Client object at 0x7f3b42ed0eb0> userdata:None flags:{'session present': 0} rc:0
2024-06-03 10:58:53,047 Re-subscribing to topic: services/csv_job
2024-06-03 10:58:53,048 Re-subscribing to topic: experiments/upload
2024-06-03 10:58:53,048 Re-subscribing to topic: telemetry/+/log/experiments/upload
2024-06-03 10:58:55,062 MQTT connected: client:<paho.mqtt.client.Client object at 0x7f3b42ed0eb0> userdata:None flags:{'session present': 0} rc:0
2024-06-03 10:58:55,062 Re-subscribing to topic: services/csv_job
2024-06-03 10:58:55,064 Re-subscribing to topic: experiments/upload
2024-06-03 10:58:55,065 Re-subscribing to topic: telemetry/+/log/experiments/upload
2024-06-03 10:58:57,076 MQTT connected: client:<paho.mqtt.client.Client object at 0x7f3b42ed0eb0> userdata:None flags:{'session present': 0} rc:0
2024-06-03 10:58:57,076 Re-subscribing to topic: services/csv_job
2024-06-03 10:58:57,077 Re-subscribing to topic: experiments/upload
2024-06-03 10:58:57,078 Re-subscribing to topic: telemetry/+/log/experiments/upload
2024-06-03 10:58:59,090 MQTT connected: client:<paho.mqtt.client.Client object at 0x7f3b42ed0eb0> userdata:None flags:{'session present': 0} rc:0
2024-06-03 10:58:59,091 Re-subscribing to topic: services/csv_job
2024-06-03 10:58:59,092 Re-subscribing to topic: experiments/upload
2024-06-03 10:58:59,092 Re-subscribing to topic: telemetry/+/log/experiments/upload
2024-06-03 10:59:01,099 MQTT connected: client:<paho.mqtt.client.Client object at 0x7f3b42ed0eb0> userdata:None flags:{'session present': 0} rc:0
2024-06-03 10:59:01,099 Re-subscribing to topic: services/csv_job
2024-06-03 10:59:01,099 Re-subscribing to topic: experiments/upload
2024-06-03 10:59:01,100 Re-subscribing to topic: telemetry/+/log/experiments/upload
2024-06-03 10:59:03,111 MQTT connected: client:<paho.mqtt.client.Client object at 0x7f3b42ed0eb0> userdata:None flags:{'session present': 0} rc:0
2024-06-03 10:59:03,112 Re-subscribing to topic: services/csv_job
2024-06-03 10:59:03,112 Re-subscribing to topic: experiments/upload
2024-06-03 10:59:03,113 Re-subscribing to topic: telemetry/+/log/experiments/upload
2024-06-03 10:59:05,126 MQTT connected: client:<paho.mqtt.client.Client object at 0x7f3b42ed0eb0> userdata:None flags:{'session present': 0} rc:0
2024-06-03 10:59:05,126 Re-subscribing to topic: services/csv_job
2024-06-03 10:59:05,127 Re-subscribing to topic: experiments/upload
2024-06-03 10:59:05,128 Re-subscribing to topic: telemetry/+/log/experiments/upload
2024-06-03 10:59:07,140 MQTT connected: client:<paho.mqtt.client.Client object at 0x7f3b42ed0eb0> userdata:None flags:{'session present': 0} rc:0
2024-06-03 10:59:07,140 Re-subscribing to topic: services/csv_job
2024-06-03 10:59:07,141 Re-subscribing to topic: experiments/upload
2024-06-03 10:59:07,142 Re-subscribing to topic: telemetry/+/log/experiments/upload
2024-06-03 10:59:09,159 MQTT connected: client:<paho.mqtt.client.Client object at 0x7f3b42ed0eb0> userdata:None flags:{'session present': 0} rc:0
2024-06-03 10:59:09,159 Re-subscribing to topic: services/csv_job
2024-06-03 10:59:09,159 Re-subscribing to topic: experiments/upload
2024-06-03 10:59:09,160 Re-subscribing to topic: telemetry/+/log/experiments/upload
2024-06-03 10:59:11,168 MQTT connected: client:<paho.mqtt.client.Client object at 0x7f3b42ed0eb0> userdata:None flags:{'session present': 0} rc:0
2024-06-03 10:59:11,169 Re-subscribing to topic: services/csv_job
2024-06-03 10:59:11,169 Re-subscribing to topic: experiments/upload
2024-06-03 10:59:11,170 Re-subscribing to topic: telemetry/+/log/experiments/upload
2024-06-03 10:59:13,183 MQTT connected: client:<paho.mqtt.client.Client object at 0x7f3b42ed0eb0> userdata:None flags:{'session present': 0} rc:0
2024-06-03 10:59:13,184 Re-subscribing to topic: services/csv_job
2024-06-03 10:59:13,185 Re-subscribing to topic: experiments/upload
2024-06-03 10:59:13,186 Re-subscribing to topic: telemetry/+/log/experiments/upload
2024-06-03 11:03:22,726 MQTT log: Sending CONNECT (u1, p1, wr0, wq0, wf0, c1, k15) client_id=b'braingeneerspy-745'
2024-06-03 11:03:22,728 MQTT log: Sending SUBSCRIBE (d0, m1) [(b'services/csv_job', 2)]
2024-06-03 11:03:22,729 Subscribed to services/csv_job
2024-06-03 11:03:22,729 Listening to messages...
2024-06-03 11:03:22,729 MQTT log: Sending SUBSCRIBE (d0, m2) [(b'experiments/upload', 2)]
2024-06-03 11:03:22,730 MQTT log: Received CONNACK (0, 0)
2024-06-03 11:03:22,730 Subscribed to experiments/upload
2024-06-03 11:03:22,730 MQTT connected: client:<paho.mqtt.client.Client object at 0x71efdcd88d90> userdata:None flags:{'session present': 0} rc:0
2024-06-03 11:03:22,730 Listening to messages...
2024-06-03 11:03:22,730 Re-subscribing to topic: services/csv_job
2024-06-03 11:03:22,731 MQTT log: Sending SUBSCRIBE (d0, m3) [(b'telemetry/+/log/experiments/upload', 2)]
2024-06-03 11:03:22,731 MQTT log: Sending SUBSCRIBE (d0, m4) [(b'services/csv_job', 2)]
2024-06-03 11:03:22,731 Subscribed to telemetry/+/log/experiments/upload
2024-06-03 11:03:22,731 Re-subscribing to topic: experiments/upload
2024-06-03 11:03:22,732 Listening to messages...
2024-06-03 11:03:22,732 MQTT log: Sending SUBSCRIBE (d0, m5) [(b'experiments/upload', 2)]
2024-06-03 11:03:22,733 MQTT log: Received SUBACK
2024-06-03 11:03:22,734 MQTT log: Received SUBACK
2024-06-03 11:03:22,734 MQTT log: Received SUBACK
2024-06-03 11:03:22,734 MQTT log: Received SUBACK
2024-06-03 11:03:22,735 MQTT log: Received SUBACK
2024-06-03 11:03:37,750 MQTT log: Sending PINGREQ
2024-06-03 11:03:37,752 MQTT log: Received PINGRESP
2024-06-03 11:03:52,769 MQTT log: Sending PINGREQ
2024-06-03 11:03:52,770 MQTT log: Received PINGRESP
2024-06-03 11:04:07,785 MQTT log: Sending PINGREQ
2024-06-03 11:04:07,787 MQTT log: Received PINGRESP
2024-06-03 11:04:22,802 MQTT log: Sending PINGREQ
2024-06-03 11:04:22,804 MQTT log: Received PINGRESP
2024-06-03 11:04:37,821 MQTT log: Sending PINGREQ
2024-06-03 11:04:37,825 MQTT log: Received PINGRESP
2024-06-03 11:04:52,841 MQTT log: Sending PINGREQ
2024-06-03 11:04:52,843 MQTT log: Received PINGRESP
2024-06-03 11:05:07,860 MQTT log: Sending PINGREQ
2024-06-03 11:05:07,861 MQTT log: Received PINGRESP
2024-06-03 11:05:22,877 MQTT log: Sending PINGREQ
2024-06-03 11:05:22,878 MQTT log: Received PINGRESP
2024-06-03 11:05:37,896 MQTT log: Sending PINGREQ
2024-06-03 11:05:37,898 MQTT log: Received PINGRESP
2024-06-03 11:05:52,916 MQTT log: Sending PINGREQ
2024-06-03 11:05:52,917 MQTT log: Received PINGRESP
2024-06-03 11:06:07,933 MQTT log: Sending PINGREQ
2024-06-03 11:06:07,934 MQTT log: Received PINGRESP
2024-06-03 11:06:10,389 MQTT log: Received PUBLISH (d0, q2, r0, m1), 'experiments/upload', ...  (661 bytes)
2024-06-03 11:06:10,389 MQTT log: Sending PUBREC (Mid: 1)
2024-06-03 11:06:10,391 MQTT log: Received PUBREL (Mid: 1)
2024-06-03 11:06:10,396 MQTT log: Sending PUBCOMP (Mid: 1)
2024-06-03 11:06:23,414 MQTT log: Sending PINGREQ
2024-06-03 11:06:23,416 MQTT log: Received PINGRESP
2024-06-03 11:06:38,432 MQTT log: Sending PINGREQ
2024-06-03 11:06:38,434 MQTT log: Received PINGRESP
2024-06-03 11:06:53,451 MQTT log: Sending PINGREQ
2024-06-03 11:06:53,454 MQTT log: Received PINGRESP
2024-06-03 11:06:54,661 MQTT log: Received PUBLISH (d0, q2, r0, m2), 'experiments/upload', ...  (661 bytes)
2024-06-03 11:06:54,661 MQTT log: Sending PUBREC (Mid: 2)
2024-06-03 11:06:54,664 MQTT log: Received PUBREL (Mid: 2)
2024-06-03 11:06:54,665 MQTT log: Sending PUBCOMP (Mid: 2)
2024-06-03 11:07:08,681 MQTT log: Sending PINGREQ
2024-06-03 11:07:08,684 MQTT log: Received PINGRESP
2024-06-03 11:07:23,700 MQTT log: Sending PINGREQ
2024-06-03 11:07:23,702 MQTT log: Received PINGRESP
2024-06-03 11:07:38,718 MQTT log: Sending PINGREQ
2024-06-03 11:07:38,720 MQTT log: Received PINGRESP
2024-06-03 11:07:47,132 MQTT log: Sending CONNECT (u1, p1, wr0, wq0, wf0, c1, k15) client_id=b'braingeneerspy-774'
2024-06-03 11:07:47,134 MQTT log: Sending SUBSCRIBE (d0, m1) [(b'services/csv_job', 2)]
2024-06-03 11:07:47,134 Subscribed to services/csv_job
2024-06-03 11:07:47,134 MQTT log: Received CONNACK (0, 0)
2024-06-03 11:07:47,135 Listening to messages...
2024-06-03 11:07:47,135 MQTT connected: client:<paho.mqtt.client.Client object at 0x70a90d4acc70> userdata:None flags:{'session present': 0} rc:0
2024-06-03 11:07:47,135 MQTT log: Sending SUBSCRIBE (d0, m2) [(b'experiments/upload', 2)]
2024-06-03 11:07:47,135 Re-subscribing to topic: services/csv_job
2024-06-03 11:07:47,136 Subscribed to experiments/upload
2024-06-03 11:07:47,136 MQTT log: Sending SUBSCRIBE (d0, m3) [(b'services/csv_job', 2)]
2024-06-03 11:07:47,136 Listening to messages...
2024-06-03 11:07:47,136 MQTT log: Sending SUBSCRIBE (d0, m4) [(b'telemetry/+/log/experiments/upload', 2)]
2024-06-03 11:07:47,136 Re-subscribing to topic: experiments/upload
2024-06-03 11:07:47,136 Subscribed to telemetry/+/log/experiments/upload
2024-06-03 11:07:47,137 MQTT log: Sending SUBSCRIBE (d0, m5) [(b'experiments/upload', 2)]
2024-06-03 11:07:47,137 Listening to messages...
2024-06-03 11:07:47,141 MQTT log: Received SUBACK
2024-06-03 11:07:47,142 MQTT log: Received SUBACK
2024-06-03 11:07:47,143 MQTT log: Received SUBACK
2024-06-03 11:07:47,143 MQTT log: Received SUBACK
2024-06-03 11:07:47,143 MQTT log: Received SUBACK
2024-06-03 11:08:02,160 MQTT log: Sending PINGREQ
2024-06-03 11:08:02,162 MQTT log: Received PINGRESP
2024-06-03 11:08:05,505 MQTT log: Received PUBLISH (d0, q2, r0, m1), 'experiments/upload', ...  (661 bytes)
2024-06-03 11:08:05,506 MQTT log: Sending PUBREC (Mid: 1)
2024-06-03 11:08:05,508 MQTT log: Received PUBREL (Mid: 1)
2024-06-03 11:08:05,513 MQTT log: Sending PUBCOMP (Mid: 1)
2024-06-03 11:08:05,514 Received message from topic: experiments/upload
2024-06-03 11:08:05,517 Getting experiments from s3://braingeneers/ephys/2024-01-05-e-uploader-test
2024-06-03 11:08:05,518 stitch is False, loop over experiments...
2024-06-03 11:08:05,519 Experiment: 2023-09-23-T070000-chip19894
2024-06-03 11:08:05,519 Data path: original/data/2023-09-23-T070000-chip19894.raw.h5
2024-06-03 11:08:05,521 Result path: s3://braingeneers/ephys/2024-01-05-e-uploader-test/derived/kilosort2/2023-09-23-T070000-chip19894_phy.zip
2024-06-03 11:08:05,522 Error with experiments, [Errno 2] No such file or directory: 'sorting_job_info.json'
2024-06-03 11:08:05,523 {'uri': 's3://braingeneers/services/mqtt_job_listener/listener.log', 'mode': 'w', 'buffering': -1, 'encoding': None, 'errors': None, 'newline': None, 'closefd': True, 'opener': None, 'compression': 'infer_from_extension', 'transport_params': {'client': <botocore.client.S3 object at 0x70a90e4f47c0>}}
2024-06-03 11:08:05,526 {'bucket_id': 'braingeneers', 'key_id': 'services/mqtt_job_listener/listener.log', 'mode': 'wb', 'version_id': None, 'buffer_size': 1500, 'min_part_size': 52428800, 'multipart_upload': True, 'stream_range': 10485760, 'client': <botocore.client.S3 object at 0x70a90e4f47c0>, 'client_kwargs': None, 'writebuffer': None}
2024-06-03 11:08:05,529 Event before-parameter-build.s3.CreateMultipartUpload: calling handler <function validate_ascii_metadata at 0x70a93b1f9ab0>
2024-06-03 11:08:05,530 Event before-parameter-build.s3.CreateMultipartUpload: calling handler <function sse_md5 at 0x70a93b1f8ee0>
2024-06-03 11:08:05,531 Event before-parameter-build.s3.CreateMultipartUpload: calling handler <function validate_bucket_name at 0x70a93b1f8e50>
2024-06-03 11:08:05,532 Event before-parameter-build.s3.CreateMultipartUpload: calling handler <function remove_bucket_from_url_paths_from_model at 0x70a93b1fac20>
2024-06-03 11:08:05,532 Event before-parameter-build.s3.CreateMultipartUpload: calling handler <bound method S3RegionRedirectorv2.annotate_request_context of <botocore.utils.S3RegionRedirectorv2 object at 0x70a90e32bdc0>>
2024-06-03 11:08:05,533 Event before-parameter-build.s3.CreateMultipartUpload: calling handler <bound method ClientCreator._inject_s3_input_parameters of <botocore.client.ClientCreator object at 0x70a90ecd9ff0>>
2024-06-03 11:08:05,534 Event before-parameter-build.s3.CreateMultipartUpload: calling handler <function generate_idempotent_uuid at 0x70a93b1f8ca0>
2024-06-03 11:08:05,537 Event before-endpoint-resolution.s3: calling handler <function customize_endpoint_resolver_builtins at 0x70a93b1fadd0>
2024-06-03 11:08:05,538 Event before-endpoint-resolution.s3: calling handler <bound method S3RegionRedirectorv2.redirect_from_cache of <botocore.utils.S3RegionRedirectorv2 object at 0x70a90e32bdc0>>
2024-06-03 11:08:05,541 Calling endpoint provider with parameters: {'Bucket': 'braingeneers', 'Region': 'us-east-1', 'UseFIPS': False, 'UseDualStack': False, 'Endpoint': 'https://s3.braingeneers.gi.ucsc.edu', 'ForcePathStyle': True, 'Accelerate': False, 'UseGlobalEndpoint': True, 'Key': 'services/mqtt_job_listener/listener.log', 'DisableMultiRegionAccessPoints': False, 'UseArnRegion': True}
2024-06-03 11:08:05,548 Endpoint provider result: https://s3.braingeneers.gi.ucsc.edu/braingeneers
2024-06-03 11:08:05,549 Selecting from endpoint provider's list of auth schemes: "sigv4". User selected auth scheme is: "None"
2024-06-03 11:08:05,549 Selected auth type "v4" as "v4" with signing context params: {'region': 'us-east-1', 'signing_name': 's3', 'disableDoubleEncoding': True}
2024-06-03 11:08:05,551 Event before-call.s3.CreateMultipartUpload: calling handler <function add_expect_header at 0x70a93b1f91b0>
2024-06-03 11:08:05,551 Event before-call.s3.CreateMultipartUpload: calling handler <bound method S3ExpressIdentityResolver.apply_signing_cache_key of <botocore.utils.S3ExpressIdentityResolver object at 0x70a90e32be50>>
2024-06-03 11:08:05,552 Event before-call.s3.CreateMultipartUpload: calling handler <function add_recursion_detection_header at 0x70a93b1f8940>
2024-06-03 11:08:05,552 Event before-call.s3.CreateMultipartUpload: calling handler <function inject_api_version_header_if_needed at 0x70a93b1fa4d0>
2024-06-03 11:08:05,553 Making request for OperationModel(name=CreateMultipartUpload) with params: {'url_path': '/services/mqtt_job_listener/listener.log?uploads', 'query_string': {}, 'method': 'POST', 'headers': {'User-Agent': 'Boto3/1.34.78 md/Botocore#1.34.78 md/awscrt#0.13.13 ua/2.0 os/linux#6.5.0-28-generic md/arch#x86_64 lang/python#3.10.13 md/pyimpl#CPython cfg/retry-mode#legacy Botocore/1.34.78'}, 'body': b'', 'auth_path': '/braingeneers/services/mqtt_job_listener/listener.log', 'url': 'https://s3.braingeneers.gi.ucsc.edu/braingeneers/services/mqtt_job_listener/listener.log?uploads', 'context': {'client_region': 'us-east-1', 'client_config': <botocore.config.Config object at 0x70a90e4f4970>, 'has_streaming_input': False, 'auth_type': 'v4', 's3_redirect': {'redirected': False, 'bucket': 'braingeneers', 'params': {'Bucket': 'braingeneers', 'Key': 'services/mqtt_job_listener/listener.log'}}, 'input_params': {'Bucket': 'braingeneers', 'Key': 'services/mqtt_job_listener/listener.log'}, 'signing': {'region': 'us-east-1', 'signing_name': 's3', 'disableDoubleEncoding': True}, 'endpoint_properties': {'authSchemes': [{'disableDoubleEncoding': True, 'name': 'sigv4', 'signingName': 's3', 'signingRegion': 'us-east-1'}]}}}
2024-06-03 11:08:05,554 Event request-created.s3.CreateMultipartUpload: calling handler <bound method RequestSigner.handler of <botocore.signers.RequestSigner object at 0x70a90e4f48e0>>
2024-06-03 11:08:05,554 Event choose-signer.s3.CreateMultipartUpload: calling handler <bound method ClientCreator._default_s3_presign_to_sigv2 of <botocore.client.ClientCreator object at 0x70a90ecd9ff0>>
2024-06-03 11:08:05,554 Event choose-signer.s3.CreateMultipartUpload: calling handler <function set_operation_specific_signer at 0x70a93b1f8b80>
2024-06-03 11:08:05,555 Event before-sign.s3.CreateMultipartUpload: calling handler <function remove_arn_from_signing_path at 0x70a93b1fad40>
2024-06-03 11:08:05,555 Event before-sign.s3.CreateMultipartUpload: calling handler <bound method S3ExpressIdentityResolver.resolve_s3express_identity of <botocore.utils.S3ExpressIdentityResolver object at 0x70a90e32be50>>
2024-06-03 11:08:05,557 Event request-created.s3.CreateMultipartUpload: calling handler <function add_retry_headers at 0x70a93b1fab90>
2024-06-03 11:08:05,557 Sending http request: <AWSPreparedRequest stream_output=False, method=POST, url=https://s3.braingeneers.gi.ucsc.edu/braingeneers/services/mqtt_job_listener/listener.log?uploads, headers={'User-Agent': b'Boto3/1.34.78 md/Botocore#1.34.78 md/awscrt#0.13.13 ua/2.0 os/linux#6.5.0-28-generic md/arch#x86_64 lang/python#3.10.13 md/pyimpl#CPython cfg/retry-mode#legacy Botocore/1.34.78', 'host': b's3.braingeneers.gi.ucsc.edu', 'X-Amz-Date': b'20240603T180805Z', 'x-amz-content-sha256': b'e3b0c44298fc1c149afbf4c8996fb92427ae41e4649b934ca495991b7852b855', 'Authorization': b'AWS4-HMAC-SHA256 Credential=4B6EF4SGNSA1EK2CGSN8/20240603/us-east-1/s3/aws4_request, SignedHeaders=host;x-amz-content-sha256;x-amz-date, Signature=eee92f03b9750f9b1f1c6b8e6b86ac77907f9df224ac71dca4c5af4a59fad743', 'amz-sdk-invocation-id': b'c3e19cb9-0d63-42b3-ab75-1e50deaebd38', 'amz-sdk-request': b'attempt=1', 'Content-Length': '0'}>
2024-06-03 11:08:05,559 Certificate path: /home/kang/anaconda3/envs/playground/lib/python3.10/site-packages/certifi/cacert.pem
2024-06-03 11:08:05,560 Starting new HTTPS connection (1): s3.braingeneers.gi.ucsc.edu:443
2024-06-03 11:08:05,640 https://s3.braingeneers.gi.ucsc.edu:443 "POST /braingeneers/services/mqtt_job_listener/listener.log?uploads HTTP/1.1" 200 282
2024-06-03 11:08:05,643 Response headers: {'x-amz-request-id': 'tx0000069a49be7c55e3c05-00665e0685-2405e864-nautiluss3', 'content-type': 'application/xml', 'content-length': '282', 'date': 'Mon, 03 Jun 2024 18:08:05 GMT', 'strict-transport-security': 'max-age=15768000'}
2024-06-03 11:08:05,643 Response body:
b'<?xml version="1.0" encoding="UTF-8"?><InitiateMultipartUploadResult xmlns="http://s3.amazonaws.com/doc/2006-03-01/"><Bucket>braingeneers</Bucket><Key>services/mqtt_job_listener/listener.log</Key><UploadId>2~MD03AkTYHIHODPs3adTdcYEoA7P2c7K</UploadId></InitiateMultipartUploadResult>'
2024-06-03 11:08:05,644 Event needs-retry.s3.CreateMultipartUpload: calling handler <botocore.retryhandler.RetryHandler object at 0x70a90e32bd00>
2024-06-03 11:08:05,645 No retry needed.
2024-06-03 11:08:05,645 Event needs-retry.s3.CreateMultipartUpload: calling handler <bound method S3RegionRedirectorv2.redirect_from_error of <botocore.utils.S3RegionRedirectorv2 object at 0x70a90e32bdc0>>
2024-06-03 11:08:05,645 encoding_wrapper: {'fileobj': smart_open.s3.MultipartWriter(bucket='braingeneers', key='services/mqtt_job_listener/listener.log', min_part_size=52428800), 'mode': 'w', 'encoding': 'UTF-8', 'errors': None, 'newline': None}
2024-06-03 11:08:05,645 smart_open.s3.MultipartWriter('braingeneers', 'services/mqtt_job_listener/listener.log'): uploading part_num: 1, 20486 bytes (total 0.000GB)
2024-06-03 11:08:05,646 Event before-parameter-build.s3.UploadPart: calling handler <function sse_md5 at 0x70a93b1f8ee0>
2024-06-03 11:08:05,646 Event before-parameter-build.s3.UploadPart: calling handler <function convert_body_to_file_like_object at 0x70a93b1fa3b0>
2024-06-03 11:08:05,646 Event before-parameter-build.s3.UploadPart: calling handler <function validate_bucket_name at 0x70a93b1f8e50>
2024-06-03 11:08:05,646 Event before-parameter-build.s3.UploadPart: calling handler <function remove_bucket_from_url_paths_from_model at 0x70a93b1fac20>
2024-06-03 11:08:05,647 Event before-parameter-build.s3.UploadPart: calling handler <bound method S3RegionRedirectorv2.annotate_request_context of <botocore.utils.S3RegionRedirectorv2 object at 0x70a90e32bdc0>>
2024-06-03 11:08:05,647 Event before-parameter-build.s3.UploadPart: calling handler <bound method ClientCreator._inject_s3_input_parameters of <botocore.client.ClientCreator object at 0x70a90ecd9ff0>>
2024-06-03 11:08:05,647 Event before-parameter-build.s3.UploadPart: calling handler <function generate_idempotent_uuid at 0x70a93b1f8ca0>
2024-06-03 11:08:05,647 Event before-endpoint-resolution.s3: calling handler <function customize_endpoint_resolver_builtins at 0x70a93b1fadd0>
2024-06-03 11:08:05,647 Event before-endpoint-resolution.s3: calling handler <bound method S3RegionRedirectorv2.redirect_from_cache of <botocore.utils.S3RegionRedirectorv2 object at 0x70a90e32bdc0>>
2024-06-03 11:08:05,648 Calling endpoint provider with parameters: {'Bucket': 'braingeneers', 'Region': 'us-east-1', 'UseFIPS': False, 'UseDualStack': False, 'Endpoint': 'https://s3.braingeneers.gi.ucsc.edu', 'ForcePathStyle': True, 'Accelerate': False, 'UseGlobalEndpoint': True, 'Key': 'services/mqtt_job_listener/listener.log', 'DisableMultiRegionAccessPoints': False, 'UseArnRegion': True}
2024-06-03 11:08:05,648 Endpoint provider result: https://s3.braingeneers.gi.ucsc.edu/braingeneers
2024-06-03 11:08:05,648 Selecting from endpoint provider's list of auth schemes: "sigv4". User selected auth scheme is: "None"
2024-06-03 11:08:05,648 Selected auth type "v4" as "v4" with signing context params: {'region': 'us-east-1', 'signing_name': 's3', 'disableDoubleEncoding': True}
2024-06-03 11:08:05,649 Event before-call.s3.UploadPart: calling handler <function conditionally_calculate_md5 at 0x70a93b22d870>
2024-06-03 11:08:05,650 Event before-call.s3.UploadPart: calling handler <function add_expect_header at 0x70a93b1f91b0>
2024-06-03 11:08:05,650 Adding expect 100 continue header to request.
2024-06-03 11:08:05,650 Event before-call.s3.UploadPart: calling handler <bound method S3ExpressIdentityResolver.apply_signing_cache_key of <botocore.utils.S3ExpressIdentityResolver object at 0x70a90e32be50>>
2024-06-03 11:08:05,650 Event before-call.s3.UploadPart: calling handler <function add_recursion_detection_header at 0x70a93b1f8940>
2024-06-03 11:08:05,650 Event before-call.s3.UploadPart: calling handler <function inject_api_version_header_if_needed at 0x70a93b1fa4d0>
2024-06-03 11:08:05,650 Making request for OperationModel(name=UploadPart) with params: {'url_path': '/services/mqtt_job_listener/listener.log', 'query_string': {'uploadId': '2~MD03AkTYHIHODPs3adTdcYEoA7P2c7K', 'partNumber': 1}, 'method': 'PUT', 'headers': {'User-Agent': 'Boto3/1.34.78 md/Botocore#1.34.78 md/awscrt#0.13.13 ua/2.0 os/linux#6.5.0-28-generic md/arch#x86_64 lang/python#3.10.13 md/pyimpl#CPython cfg/retry-mode#legacy Botocore/1.34.78', 'Content-MD5': 'biEybP86rCV6lWSv6Wykzw==', 'Expect': '100-continue'}, 'body': <_io.BytesIO object at 0x70a90c30a250>, 'auth_path': '/braingeneers/services/mqtt_job_listener/listener.log', 'url': 'https://s3.braingeneers.gi.ucsc.edu/braingeneers/services/mqtt_job_listener/listener.log?uploadId=2~MD03AkTYHIHODPs3adTdcYEoA7P2c7K&partNumber=1', 'context': {'client_region': 'us-east-1', 'client_config': <botocore.config.Config object at 0x70a90e4f4970>, 'has_streaming_input': True, 'auth_type': 'v4', 's3_redirect': {'redirected': False, 'bucket': 'braingeneers', 'params': {'Bucket': 'braingeneers', 'Key': 'services/mqtt_job_listener/listener.log', 'UploadId': '2~MD03AkTYHIHODPs3adTdcYEoA7P2c7K', 'PartNumber': 1, 'Body': <_io.BytesIO object at 0x70a90c30a250>}}, 'input_params': {'Bucket': 'braingeneers', 'Key': 'services/mqtt_job_listener/listener.log'}, 'signing': {'region': 'us-east-1', 'signing_name': 's3', 'disableDoubleEncoding': True}, 'endpoint_properties': {'authSchemes': [{'disableDoubleEncoding': True, 'name': 'sigv4', 'signingName': 's3', 'signingRegion': 'us-east-1'}]}}}
2024-06-03 11:08:05,651 Event request-created.s3.UploadPart: calling handler <bound method RequestSigner.handler of <botocore.signers.RequestSigner object at 0x70a90e4f48e0>>
2024-06-03 11:08:05,651 Event choose-signer.s3.UploadPart: calling handler <bound method ClientCreator._default_s3_presign_to_sigv2 of <botocore.client.ClientCreator object at 0x70a90ecd9ff0>>
2024-06-03 11:08:05,651 Event choose-signer.s3.UploadPart: calling handler <function set_operation_specific_signer at 0x70a93b1f8b80>
2024-06-03 11:08:05,652 Event before-sign.s3.UploadPart: calling handler <function remove_arn_from_signing_path at 0x70a93b1fad40>
2024-06-03 11:08:05,652 Event before-sign.s3.UploadPart: calling handler <bound method S3ExpressIdentityResolver.resolve_s3express_identity of <botocore.utils.S3ExpressIdentityResolver object at 0x70a90e32be50>>
2024-06-03 11:08:05,653 Event request-created.s3.UploadPart: calling handler <function add_retry_headers at 0x70a93b1fab90>
2024-06-03 11:08:05,653 Sending http request: <AWSPreparedRequest stream_output=False, method=PUT, url=https://s3.braingeneers.gi.ucsc.edu/braingeneers/services/mqtt_job_listener/listener.log?uploadId=2~MD03AkTYHIHODPs3adTdcYEoA7P2c7K&partNumber=1, headers={'User-Agent': b'Boto3/1.34.78 md/Botocore#1.34.78 md/awscrt#0.13.13 ua/2.0 os/linux#6.5.0-28-generic md/arch#x86_64 lang/python#3.10.13 md/pyimpl#CPython cfg/retry-mode#legacy Botocore/1.34.78', 'Content-MD5': b'biEybP86rCV6lWSv6Wykzw==', 'Expect': b'100-continue', 'host': b's3.braingeneers.gi.ucsc.edu', 'X-Amz-Date': b'20240603T180805Z', 'x-amz-content-sha256': b'UNSIGNED-PAYLOAD', 'Authorization': b'AWS4-HMAC-SHA256 Credential=4B6EF4SGNSA1EK2CGSN8/20240603/us-east-1/s3/aws4_request, SignedHeaders=content-md5;host;x-amz-content-sha256;x-amz-date, Signature=9a4726ee2cc2140b6fd5051b436f001b956b493b51ecd57119c4585557807f93', 'amz-sdk-invocation-id': b'f5660dff-cbd6-48e0-b8ed-f37e44283eed', 'amz-sdk-request': b'attempt=1', 'Content-Length': '20486'}>
2024-06-03 11:08:05,653 Certificate path: /home/kang/anaconda3/envs/playground/lib/python3.10/site-packages/certifi/cacert.pem
2024-06-03 11:08:05,654 Waiting for 100 Continue response.
2024-06-03 11:08:05,668 100 Continue response seen, now sending request body.
2024-06-03 11:08:05,860 https://s3.braingeneers.gi.ucsc.edu:443 "PUT /braingeneers/services/mqtt_job_listener/listener.log?uploadId=2~MD03AkTYHIHODPs3adTdcYEoA7P2c7K&partNumber=1 HTTP/1.1" 200 0
2024-06-03 11:08:05,860 Response headers: {'content-length': '0', 'etag': '"6e21326cff3aac257a9564afe96ca4cf"', 'accept-ranges': 'bytes', 'x-amz-request-id': 'tx00000757a828ca63962db-00665e0685-23e02df8-nautiluss3', 'date': 'Mon, 03 Jun 2024 18:08:05 GMT', 'strict-transport-security': 'max-age=15768000'}
2024-06-03 11:08:05,860 Response body:
b''
2024-06-03 11:08:05,861 Event needs-retry.s3.UploadPart: calling handler <botocore.retryhandler.RetryHandler object at 0x70a90e32bd00>
2024-06-03 11:08:05,861 No retry needed.
2024-06-03 11:08:05,861 Event needs-retry.s3.UploadPart: calling handler <bound method S3RegionRedirectorv2.redirect_from_error of <botocore.utils.S3RegionRedirectorv2 object at 0x70a90e32bdc0>>
2024-06-03 11:08:05,861 smart_open.s3.MultipartWriter('braingeneers', 'services/mqtt_job_listener/listener.log'): upload of part_num #1 finished
2024-06-03 11:08:05,862 Event before-parameter-build.s3.CompleteMultipartUpload: calling handler <function sse_md5 at 0x70a93b1f8ee0>
2024-06-03 11:08:05,862 Event before-parameter-build.s3.CompleteMultipartUpload: calling handler <function validate_bucket_name at 0x70a93b1f8e50>
2024-06-03 11:08:05,862 Event before-parameter-build.s3.CompleteMultipartUpload: calling handler <function remove_bucket_from_url_paths_from_model at 0x70a93b1fac20>
2024-06-03 11:08:05,862 Event before-parameter-build.s3.CompleteMultipartUpload: calling handler <bound method S3RegionRedirectorv2.annotate_request_context of <botocore.utils.S3RegionRedirectorv2 object at 0x70a90e32bdc0>>
2024-06-03 11:08:05,862 Event before-parameter-build.s3.CompleteMultipartUpload: calling handler <bound method ClientCreator._inject_s3_input_parameters of <botocore.client.ClientCreator object at 0x70a90ecd9ff0>>
2024-06-03 11:08:05,863 Event before-parameter-build.s3.CompleteMultipartUpload: calling handler <function generate_idempotent_uuid at 0x70a93b1f8ca0>
2024-06-03 11:08:05,863 Event before-endpoint-resolution.s3: calling handler <function customize_endpoint_resolver_builtins at 0x70a93b1fadd0>
2024-06-03 11:08:05,863 Event before-endpoint-resolution.s3: calling handler <bound method S3RegionRedirectorv2.redirect_from_cache of <botocore.utils.S3RegionRedirectorv2 object at 0x70a90e32bdc0>>
2024-06-03 11:08:05,864 Calling endpoint provider with parameters: {'Bucket': 'braingeneers', 'Region': 'us-east-1', 'UseFIPS': False, 'UseDualStack': False, 'Endpoint': 'https://s3.braingeneers.gi.ucsc.edu', 'ForcePathStyle': True, 'Accelerate': False, 'UseGlobalEndpoint': True, 'Key': 'services/mqtt_job_listener/listener.log', 'DisableMultiRegionAccessPoints': False, 'UseArnRegion': True}
2024-06-03 11:08:05,864 Endpoint provider result: https://s3.braingeneers.gi.ucsc.edu/braingeneers
2024-06-03 11:08:05,864 Selecting from endpoint provider's list of auth schemes: "sigv4". User selected auth scheme is: "None"
2024-06-03 11:08:05,864 Selected auth type "v4" as "v4" with signing context params: {'region': 'us-east-1', 'signing_name': 's3', 'disableDoubleEncoding': True}
2024-06-03 11:08:05,865 Event before-call.s3.CompleteMultipartUpload: calling handler <function add_expect_header at 0x70a93b1f91b0>
2024-06-03 11:08:05,865 Event before-call.s3.CompleteMultipartUpload: calling handler <bound method S3ExpressIdentityResolver.apply_signing_cache_key of <botocore.utils.S3ExpressIdentityResolver object at 0x70a90e32be50>>
2024-06-03 11:08:05,866 Event before-call.s3.CompleteMultipartUpload: calling handler <function add_recursion_detection_header at 0x70a93b1f8940>
2024-06-03 11:08:05,866 Event before-call.s3.CompleteMultipartUpload: calling handler <function inject_api_version_header_if_needed at 0x70a93b1fa4d0>
2024-06-03 11:08:05,866 Making request for OperationModel(name=CompleteMultipartUpload) with params: {'url_path': '/services/mqtt_job_listener/listener.log', 'query_string': {'uploadId': '2~MD03AkTYHIHODPs3adTdcYEoA7P2c7K'}, 'method': 'POST', 'headers': {'User-Agent': 'Boto3/1.34.78 md/Botocore#1.34.78 md/awscrt#0.13.13 ua/2.0 os/linux#6.5.0-28-generic md/arch#x86_64 lang/python#3.10.13 md/pyimpl#CPython cfg/retry-mode#legacy Botocore/1.34.78'}, 'body': b'<CompleteMultipartUpload xmlns="http://s3.amazonaws.com/doc/2006-03-01/"><Part><ETag>"6e21326cff3aac257a9564afe96ca4cf"</ETag><PartNumber>1</PartNumber></Part></CompleteMultipartUpload>', 'auth_path': '/braingeneers/services/mqtt_job_listener/listener.log', 'url': 'https://s3.braingeneers.gi.ucsc.edu/braingeneers/services/mqtt_job_listener/listener.log?uploadId=2~MD03AkTYHIHODPs3adTdcYEoA7P2c7K', 'context': {'client_region': 'us-east-1', 'client_config': <botocore.config.Config object at 0x70a90e4f4970>, 'has_streaming_input': False, 'auth_type': 'v4', 's3_redirect': {'redirected': False, 'bucket': 'braingeneers', 'params': {'Bucket': 'braingeneers', 'Key': 'services/mqtt_job_listener/listener.log', 'UploadId': '2~MD03AkTYHIHODPs3adTdcYEoA7P2c7K', 'MultipartUpload': {'Parts': [{'ETag': '"6e21326cff3aac257a9564afe96ca4cf"', 'PartNumber': 1}]}}}, 'input_params': {'Bucket': 'braingeneers', 'Key': 'services/mqtt_job_listener/listener.log'}, 'signing': {'region': 'us-east-1', 'signing_name': 's3', 'disableDoubleEncoding': True}, 'endpoint_properties': {'authSchemes': [{'disableDoubleEncoding': True, 'name': 'sigv4', 'signingName': 's3', 'signingRegion': 'us-east-1'}]}}}
2024-06-03 11:08:05,867 Event request-created.s3.CompleteMultipartUpload: calling handler <bound method RequestSigner.handler of <botocore.signers.RequestSigner object at 0x70a90e4f48e0>>
2024-06-03 11:08:05,867 Event choose-signer.s3.CompleteMultipartUpload: calling handler <bound method ClientCreator._default_s3_presign_to_sigv2 of <botocore.client.ClientCreator object at 0x70a90ecd9ff0>>
2024-06-03 11:08:05,867 Event choose-signer.s3.CompleteMultipartUpload: calling handler <function set_operation_specific_signer at 0x70a93b1f8b80>
2024-06-03 11:08:05,867 Event before-sign.s3.CompleteMultipartUpload: calling handler <function remove_arn_from_signing_path at 0x70a93b1fad40>
2024-06-03 11:08:05,867 Event before-sign.s3.CompleteMultipartUpload: calling handler <bound method S3ExpressIdentityResolver.resolve_s3express_identity of <botocore.utils.S3ExpressIdentityResolver object at 0x70a90e32be50>>
2024-06-03 11:08:05,868 Event request-created.s3.CompleteMultipartUpload: calling handler <function add_retry_headers at 0x70a93b1fab90>
2024-06-03 11:08:05,868 Sending http request: <AWSPreparedRequest stream_output=False, method=POST, url=https://s3.braingeneers.gi.ucsc.edu/braingeneers/services/mqtt_job_listener/listener.log?uploadId=2~MD03AkTYHIHODPs3adTdcYEoA7P2c7K, headers={'User-Agent': b'Boto3/1.34.78 md/Botocore#1.34.78 md/awscrt#0.13.13 ua/2.0 os/linux#6.5.0-28-generic md/arch#x86_64 lang/python#3.10.13 md/pyimpl#CPython cfg/retry-mode#legacy Botocore/1.34.78', 'host': b's3.braingeneers.gi.ucsc.edu', 'X-Amz-Date': b'20240603T180805Z', 'x-amz-content-sha256': b'ad44e89a54032c13fd91bb9522d6d7983a2241501703116b149859b6ea799eee', 'Authorization': b'AWS4-HMAC-SHA256 Credential=4B6EF4SGNSA1EK2CGSN8/20240603/us-east-1/s3/aws4_request, SignedHeaders=host;x-amz-content-sha256;x-amz-date, Signature=6c0a6626dd4f1bf3ad9652f57388c3376c6ebb0f296e52f8387ecb7050d18aab', 'amz-sdk-invocation-id': b'00b6919c-2d96-43e8-b221-881ddcb18250', 'amz-sdk-request': b'attempt=1', 'Content-Length': '185'}>
2024-06-03 11:08:05,869 Certificate path: /home/kang/anaconda3/envs/playground/lib/python3.10/site-packages/certifi/cacert.pem
2024-06-03 11:08:06,038 https://s3.braingeneers.gi.ucsc.edu:443 "POST /braingeneers/services/mqtt_job_listener/listener.log?uploadId=2~MD03AkTYHIHODPs3adTdcYEoA7P2c7K HTTP/1.1" 200 349
2024-06-03 11:08:06,040 Response headers: {'x-amz-request-id': 'tx00000803772576f8be134-00665e0685-2430332d-nautiluss3', 'content-type': 'application/xml', 'content-length': '349', 'date': 'Mon, 03 Jun 2024 18:08:06 GMT', 'strict-transport-security': 'max-age=15768000'}
2024-06-03 11:08:06,041 Response body:
b'<?xml version="1.0" encoding="UTF-8"?><CompleteMultipartUploadResult xmlns="http://s3.amazonaws.com/doc/2006-03-01/"><Location>http://s3.braingeneers.gi.ucsc.edu/braingeneers/services/mqtt_job_listener/listener.log</Location><Bucket>braingeneers</Bucket><Key>services/mqtt_job_listener/listener.log</Key><ETag></ETag></CompleteMultipartUploadResult>'
2024-06-03 11:08:06,041 Event needs-retry.s3.CompleteMultipartUpload: calling handler <function check_for_200_error at 0x70a93b1f8a60>
2024-06-03 11:08:06,041 Event needs-retry.s3.CompleteMultipartUpload: calling handler <botocore.retryhandler.RetryHandler object at 0x70a90e32bd00>
2024-06-03 11:08:06,042 No retry needed.
2024-06-03 11:08:06,042 Event needs-retry.s3.CompleteMultipartUpload: calling handler <bound method S3RegionRedirectorv2.redirect_from_error of <botocore.utils.S3RegionRedirectorv2 object at 0x70a90e32bdc0>>
2024-06-03 11:08:06,042 smart_open.s3.MultipartWriter('braingeneers', 'services/mqtt_job_listener/listener.log'): completed multipart upload
2024-06-03 11:08:17,532 MQTT log: Sending PINGREQ
2024-06-03 11:08:17,535 MQTT log: Received PINGRESP
2024-06-03 11:08:32,552 MQTT log: Sending PINGREQ
2024-06-03 11:08:32,554 MQTT log: Received PINGRESP
2024-06-03 11:08:47,572 MQTT log: Sending PINGREQ
2024-06-03 11:08:47,573 MQTT log: Received PINGRESP
2024-06-03 11:09:02,588 MQTT log: Sending PINGREQ
2024-06-03 11:09:02,590 MQTT log: Received PINGRESP
2024-06-03 11:09:17,608 MQTT log: Sending PINGREQ
2024-06-03 11:09:17,610 MQTT log: Received PINGRESP
2024-06-03 11:09:32,626 MQTT log: Sending PINGREQ
2024-06-03 11:09:32,628 MQTT log: Received PINGRESP
